{"level":"error","message":"Wrong password..Login UnSuccessfull","timestamp":"2017-06-12T12:24:05.838Z"}
{"level":"error","message":"Wrong password..Login UnSuccessfull","timestamp":"2017-06-12T12:24:06.509Z"}
{"level":"error","message":"Wrong password..Login UnSuccessfull","timestamp":"2017-06-12T12:24:08.632Z"}
{"level":"error","message":"Wrong password..Login UnSuccessfull","timestamp":"2017-06-12T12:24:12.281Z"}
{"level":"error","message":"Wrong password..Login UnSuccessfull","timestamp":"2017-06-12T12:24:17.591Z"}
{"level":"error","message":"Wrong password..Login UnSuccessfull","timestamp":"2017-06-12T12:24:27.432Z"}
{"level":"error","message":"Signup not successfull","timestamp":"2017-06-13T05:15:28.440Z"}
{"level":"error","message":"Signup not successfull","timestamp":"2017-06-13T05:15:30.651Z"}
{"level":"error","message":"Signup not successfull","timestamp":"2017-06-13T05:15:36.342Z"}
{"level":"error","message":"Signup not successfull","timestamp":"2017-06-13T05:37:47.045Z"}
{"level":"error","message":"Login UnSuccessfull","timestamp":"2017-06-13T10:34:21.430Z"}
{"level":"error","message":"Login UnSuccessfull","timestamp":"2017-06-13T10:34:22.894Z"}
{"level":"error","message":"Signup Unsuccessfull","timestamp":"2017-06-16T13:29:31.265Z"}
{"level":"error","message":"Signup Unsuccessfull","timestamp":"2017-06-16T13:29:47.107Z"}
{"level":"error","message":"Signup Unsuccessfull","timestamp":"2017-06-16T13:30:03.297Z"}
{"level":"error","message":"Signup Unsuccessfull","timestamp":"2017-06-16T13:30:11.560Z"}
{"level":"error","message":"Signup Unsuccessfull","timestamp":"2017-06-16T13:30:16.595Z"}
{"level":"error","message":"Signup Unsuccessfull","timestamp":"2017-06-16T13:30:43.336Z"}
{"level":"error","message":"Signup Unsuccessfull","timestamp":"2017-06-16T13:33:39.915Z"}
{"level":"error","message":"Signup Unsuccessfull","timestamp":"2017-06-16T13:34:29.300Z"}
{"level":"error","message":"Signup Unsuccessfull","timestamp":"2017-06-16T13:36:34.267Z"}
{"level":"error","message":"Login UnSuccessfull","timestamp":"2017-06-17T09:52:07.478Z"}
{"level":"error","message":"Login UnSuccessfull","timestamp":"2017-06-17T09:52:10.925Z"}
{"level":"error","message":"Login UnSuccessfull","timestamp":"2017-06-17T09:52:26.119Z"}
{"level":"error","message":"Login UnSuccessfull","timestamp":"2017-06-17T09:52:26.865Z"}
{"level":"error","message":"Login UnSuccessfull","timestamp":"2017-06-17T09:52:27.068Z"}
{"level":"error","message":"Login UnSuccessfull","timestamp":"2017-06-17T09:52:27.247Z"}
{"level":"error","message":"Login UnSuccessfull","timestamp":"2017-06-17T09:52:50.992Z"}
{"level":"error","message":"Login UnSuccessfull","timestamp":"2017-06-17T09:53:58.411Z"}
{"level":"error","message":"Login UnSuccessfull","timestamp":"2017-06-17T09:53:59.019Z"}
{"level":"error","message":"Login UnSuccessfull","timestamp":"2017-06-19T11:02:57.848Z"}
{"level":"error","message":"Login UnSuccessfull","timestamp":"2017-06-19T11:02:59.117Z"}
{"level":"error","message":"Login UnSuccessfull","timestamp":"2017-06-19T11:03:40.874Z"}
{"level":"error","message":"Login UnSuccessfull","timestamp":"2017-06-19T11:03:51.330Z"}
{"level":"error","message":"Login UnSuccessfull","timestamp":"2017-06-19T11:04:44.016Z"}
{"level":"error","message":"Card not deleted ","timestamp":"2017-06-20T05:52:58.574Z"}
{"level":"error","message":"Card not deleted ","timestamp":"2017-06-20T05:54:45.056Z"}
{"level":"error","message":"Card not deleted ","timestamp":"2017-06-20T05:56:06.823Z"}
{"level":"error","message":"Card not deleted ","timestamp":"2017-06-20T05:56:47.302Z"}
{"level":"error","message":"Card not deleted ","timestamp":"2017-06-20T06:36:49.168Z"}
{"level":"error","message":"Card not deleted ","timestamp":"2017-06-20T06:41:31.315Z"}
{"level":"error","message":"Card not deleted ","timestamp":"2017-06-20T06:41:45.674Z"}
{"level":"error","message":"Card not deleted ","timestamp":"2017-06-20T06:44:09.107Z"}
{"level":"error","message":"Card not deleted ","timestamp":"2017-06-20T06:52:43.934Z"}
{"level":"error","message":"Card not deleted ","timestamp":"2017-06-20T06:54:08.264Z"}
{"level":"error","message":"Card not deleted ","timestamp":"2017-06-20T07:20:17.224Z"}
{"level":"error","message":"Card not deleted ","timestamp":"2017-06-20T07:25:16.440Z"}
{"level":"error","message":"Card not deleted ","timestamp":"2017-06-20T07:26:27.616Z"}
{"level":"error","message":"Card not deleted ","timestamp":"2017-06-20T07:27:18.254Z"}
{"level":"error","message":"Card not deleted ","timestamp":"2017-06-20T07:32:12.749Z"}
{"level":"error","message":"Card not deleted ","timestamp":"2017-06-20T07:41:12.040Z"}
{"level":"error","message":"Card not deleted ","timestamp":"2017-06-20T07:45:34.186Z"}
{"level":"error","message":"Card not deleted ","timestamp":"2017-06-20T07:47:24.875Z"}
{"level":"error","message":"Card not deleted ","timestamp":"2017-06-20T07:51:16.110Z"}
{"level":"error","message":"Card not deleted ","timestamp":"2017-06-20T07:51:34.365Z"}
{"level":"error","message":"Card not deleted ","timestamp":"2017-06-20T07:54:44.711Z"}
{"level":"error","message":"Archive not Suceesfull","timestamp":"2017-06-23T11:37:14.617Z"}
{"level":"error","message":"Archive not Suceesfull","timestamp":"2017-06-25T09:07:32.897Z"}
{"level":"error","message":"Archive not Suceesfull","timestamp":"2017-06-25T09:07:34.934Z"}
{"level":"error","message":"Archive not Suceesfull","timestamp":"2017-06-25T09:07:35.320Z"}
{"level":"error","message":"Archive not Suceesfull","timestamp":"2017-06-25T09:07:35.529Z"}
{"level":"error","message":"Archive not Suceesfull","timestamp":"2017-06-25T09:07:35.705Z"}
{"level":"error","message":"Archive not Suceesfull","timestamp":"2017-06-25T09:08:43.907Z"}
{"level":"error","message":"Archive not Suceesfull","timestamp":"2017-06-25T09:09:45.304Z"}
{"level":"error","message":"Archive not Suceesfull","timestamp":"2017-06-25T09:09:45.862Z"}
{"level":"error","message":"Archive not Suceesfull","timestamp":"2017-06-25T09:09:46.078Z"}
{"level":"error","message":"Archive not Suceesfull","timestamp":"2017-06-25T09:09:46.287Z"}
{"level":"error","message":"Archive not Suceesfull","timestamp":"2017-06-25T09:09:52.934Z"}
{"level":"error","message":"Archive not Suceesfull","timestamp":"2017-06-25T09:09:53.206Z"}
{"level":"error","message":"Archive not Suceesfull","timestamp":"2017-06-25T09:09:53.398Z"}
{"level":"error","message":"Archive not Suceesfull","timestamp":"2017-06-25T09:10:14.624Z"}
{"level":"error","message":"Archive not Suceesfull","timestamp":"2017-06-25T09:10:15.849Z"}
{"level":"error","message":"Archive not Suceesfull","timestamp":"2017-06-25T09:10:17.088Z"}
{"level":"error","message":"Archive not Suceesfull","timestamp":"2017-06-25T09:10:17.308Z"}
{"level":"error","message":"Card not deleted ","timestamp":"2017-06-25T10:48:50.050Z"}
{"level":"error","message":"Card not deleted ","timestamp":"2017-06-25T10:48:56.215Z"}
{"level":"error","message":"Reminder not created","timestamp":"2017-06-25T11:03:10.782Z"}
{"level":"error","message":"Card not deleted ","timestamp":"2017-06-27T04:48:34.842Z"}
{"level":"error","message":"Card not deleted ","timestamp":"2017-06-27T04:48:38.571Z"}
{"level":"error","message":"Card not deleted ","timestamp":"2017-06-27T04:48:41.305Z"}
{"level":"error","message":"Card not deleted ","timestamp":"2017-06-27T04:48:48.863Z"}
{"level":"error","message":"Card not deleted ","timestamp":"2017-06-27T04:49:27.940Z"}
{"level":"error","message":"Card not deleted ","timestamp":"2017-06-27T04:50:36.458Z"}
{"level":"error","message":"Card not deleted ","timestamp":"2017-06-27T04:51:26.816Z"}
{"level":"error","message":"Card not deleted ","timestamp":"2017-06-27T05:14:46.902Z"}
{"level":"error","message":"Card not deleted ","timestamp":"2017-06-27T05:14:49.091Z"}
{"level":"error","message":"Card not deleted ","timestamp":"2017-06-27T05:14:51.131Z"}
{"level":"error","message":"Card not deleted ","timestamp":"2017-06-27T05:14:53.532Z"}
{"level":"error","message":"Pinup not Successfull","timestamp":"2017-06-27T05:57:31.541Z"}
{"level":"error","message":"Pinup not Successfull","timestamp":"2017-06-27T05:57:33.306Z"}
{"level":"error","message":"Pinup not Successfull","timestamp":"2017-06-27T05:57:38.567Z"}
{"level":"error","message":"Pinup not Successfull","timestamp":"2017-06-27T05:59:46.466Z"}
{"level":"error","message":"Pinup not Successfull","timestamp":"2017-06-27T06:08:59.289Z"}
{"level":"error","message":"Pinup not Successfull","timestamp":"2017-06-27T06:09:00.064Z"}
{"level":"error","message":"Pinup not Successfull","timestamp":"2017-06-27T06:09:00.447Z"}
{"level":"error","message":"Pinup not Successfull","timestamp":"2017-06-27T06:09:00.733Z"}
{"level":"error","message":"Pinup not Successfull","timestamp":"2017-06-27T06:09:01.510Z"}
{"level":"error","message":"Reminder not created","timestamp":"2017-06-27T07:13:37.904Z"}
{"level":"error","message":"Reminder not created","timestamp":"2017-06-27T07:13:40.913Z"}
{"level":"error","message":"Reminder not created","timestamp":"2017-06-27T07:15:10.130Z"}
{"level":"error","message":"Reminder not created","timestamp":"2017-06-27T07:15:12.871Z"}
{"level":"error","message":"Card not deleted ","timestamp":"2017-06-27T07:43:29.682Z"}
{"level":"error","message":"Card not deleted ","timestamp":"2017-06-27T07:43:32.477Z"}
{"level":"error","message":"Card not deleted ","timestamp":"2017-06-27T07:43:38.160Z"}
{"level":"error","message":"Card not deleted ","timestamp":"2017-06-27T07:43:42.918Z"}
{"level":"error","message":"Card not deleted ","timestamp":"2017-06-27T07:45:14.983Z"}
{"level":"error","message":"Card not deleted ","timestamp":"2017-06-27T07:56:33.283Z"}
