{"level":"info","message":"Msg data get Successfully","timestamp":"2017-06-12T12:26:34.195Z"}
{"level":"info","message":"Login Successfull","timestamp":"2017-06-12T12:28:26.702Z"}
{"level":"info","message":"Msg data get Successfully","timestamp":"2017-06-12T12:28:26.789Z"}
{"level":"info","message":"Card Created Successfully","timestamp":"2017-06-12T12:28:31.491Z"}
{"level":"info","message":"Msg data get Successfully","timestamp":"2017-06-12T12:28:31.499Z"}
{"level":"info","message":"Msg data get Successfully","timestamp":"2017-06-12T12:28:31.507Z"}
{"level":"info","message":"Signup successfull","timestamp":"2017-06-12T12:54:06.677Z"}
{"level":"info","message":"Login Successfull","timestamp":"2017-06-12T12:56:11.371Z"}
{"level":"info","message":"Msg data get Successfully","timestamp":"2017-06-12T12:56:11.453Z"}
{"level":"info","message":"Reminder created","timestamp":"2017-06-12T12:56:16.000Z"}
{"level":"info","message":"Msg data get Successfully","timestamp":"2017-06-12T12:56:16.013Z"}
{"level":"info","message":"Pinup Successfully done","timestamp":"2017-06-12T12:56:17.172Z"}
{"level":"info","message":"Msg data get Successfully","timestamp":"2017-06-12T12:56:17.185Z"}
{"level":"info","message":"Pinup Successfully done","timestamp":"2017-06-12T12:56:20.707Z"}
{"level":"info","message":"Msg data get Successfully","timestamp":"2017-06-12T12:56:20.721Z"}
{"level":"info","message":"Color changed","timestamp":"2017-06-12T12:56:26.970Z"}
{"level":"info","message":"Msg data get Successfully","timestamp":"2017-06-12T12:56:26.987Z"}
{"level":"info","message":"Archived Successfully","timestamp":"2017-06-12T12:56:29.244Z"}
{"level":"info","message":"Msg data get Successfully","timestamp":"2017-06-12T12:56:29.263Z"}
{"level":"info","message":"Msg data get Successfully","timestamp":"2017-06-12T12:56:31.621Z"}
{"level":"info","message":"Archived Successfully","timestamp":"2017-06-12T12:56:33.570Z"}
{"level":"info","message":"Msg data get Successfully","timestamp":"2017-06-12T12:56:33.583Z"}
{"level":"info","message":"Msg data get Successfully","timestamp":"2017-06-12T12:56:35.310Z"}
{"level":"info","message":"Reminder deleted successfully","timestamp":"2017-06-12T12:56:37.357Z"}
{"level":"info","message":"Msg data get Successfully","timestamp":"2017-06-12T12:56:37.370Z"}
{"level":"info","message":"Card Created Successfully","timestamp":"2017-06-12T12:56:40.022Z"}
{"level":"info","message":"Msg data get Successfully","timestamp":"2017-06-12T12:56:40.036Z"}
{"level":"info","message":"Card deleted Successfully","timestamp":"2017-06-12T12:56:41.898Z"}
{"level":"info","message":"Msg data get Successfully","timestamp":"2017-06-12T12:56:41.914Z"}
{"level":"info","message":"Card deleted Successfully","timestamp":"2017-06-12T12:56:44.498Z"}
{"level":"info","message":"Msg data get Successfully","timestamp":"2017-06-12T12:56:44.517Z"}
{"level":"info","message":"Card displayed","timestamp":"2017-06-12T12:57:56.300Z"}
{"level":"info","message":"Card displayed","timestamp":"2017-06-12T12:58:01.665Z"}
{"level":"info","message":"Card displayed","timestamp":"2017-06-12T12:58:04.386Z"}
{"level":"info","message":"Archived Successfully","timestamp":"2017-06-12T12:58:10.304Z"}
{"level":"info","message":"Card displayed","timestamp":"2017-06-12T12:58:10.322Z"}
{"level":"info","message":"Archived Successfully","timestamp":"2017-06-12T12:58:12.423Z"}
{"level":"info","message":"Card displayed","timestamp":"2017-06-12T12:58:12.439Z"}
{"level":"info","message":"Archived Successfully","timestamp":"2017-06-12T12:58:13.500Z"}
{"level":"info","message":"Card displayed","timestamp":"2017-06-12T12:58:13.523Z"}
{"level":"info","message":"Card displayed","timestamp":"2017-06-12T12:58:14.375Z"}
{"level":"info","message":"Card displayed","timestamp":"2017-06-12T12:58:17.548Z"}
{"level":"info","message":"Pinup Successfully done","timestamp":"2017-06-12T12:58:26.286Z"}
{"level":"info","message":"Card displayed","timestamp":"2017-06-12T12:58:26.303Z"}
{"level":"info","message":"Card displayed","timestamp":"2017-06-12T12:58:32.579Z"}
{"level":"info","message":"Card displayed","timestamp":"2017-06-12T12:58:48.380Z"}
{"level":"info","message":"Card displayed","timestamp":"2017-06-12T12:59:00.952Z"}
{"level":"info","message":"Card displayed","timestamp":"2017-06-12T12:59:01.889Z"}
{"level":"info","message":"Card displayed","timestamp":"2017-06-12T12:59:02.820Z"}
{"level":"info","message":"Card displayed","timestamp":"2017-06-12T12:59:40.296Z"}
{"level":"info","message":"Card displayed","timestamp":"2017-06-12T13:00:46.170Z"}
{"level":"info","message":"Card displayed","timestamp":"2017-06-12T13:02:08.786Z"}
{"level":"info","message":"Card displayed","timestamp":"2017-06-12T13:03:03.189Z"}
{"level":"info","message":"Card displayed","timestamp":"2017-06-12T13:05:24.383Z"}
{"level":"info","message":"User profile is available","timestamp":"2017-06-12T13:08:03.757Z"}
{"level":"info","message":"User profile is available","timestamp":"2017-06-12T13:08:03.768Z"}
{"level":"info","message":"Card displayed","timestamp":"2017-06-12T13:08:03.793Z"}
{"level":"info","message":"User profile is available","timestamp":"2017-06-12T13:10:35.092Z"}
{"level":"info","message":"User profile is available","timestamp":"2017-06-12T13:10:35.103Z"}
{"level":"info","message":"Card displayed","timestamp":"2017-06-12T13:10:35.116Z"}
{"level":"info","message":"User profile is available","timestamp":"2017-06-12T13:13:10.826Z"}
{"level":"info","message":"Card displayed","timestamp":"2017-06-12T13:13:10.847Z"}
{"level":"info","message":"User profile is available","timestamp":"2017-06-12T13:13:10.849Z"}
{"level":"info","message":"Login Successfull","timestamp":"2017-06-13T03:34:00.755Z"}
{"level":"info","message":"Card displayed","timestamp":"2017-06-13T03:34:00.829Z"}
{"level":"info","message":"User profile is available","timestamp":"2017-06-13T03:34:00.866Z"}
{"level":"info","message":"User profile is available","timestamp":"2017-06-13T03:34:00.873Z"}
{"level":"info","message":"User profile is available","timestamp":"2017-06-13T03:34:21.148Z"}
{"level":"info","message":"User profile is available","timestamp":"2017-06-13T03:34:21.155Z"}
{"level":"info","message":"Card displayed","timestamp":"2017-06-13T03:34:21.162Z"}
{"level":"info","message":"User profile is available","timestamp":"2017-06-13T04:51:13.903Z"}
{"level":"info","message":"User profile is available","timestamp":"2017-06-13T04:51:13.913Z"}
{"level":"info","message":"Card displayed","timestamp":"2017-06-13T04:51:13.926Z"}
{"level":"info","message":"User profile is available","timestamp":"2017-06-13T04:52:21.011Z"}
{"level":"info","message":"User profile is available","timestamp":"2017-06-13T04:52:21.021Z"}
{"level":"info","message":"Card displayed","timestamp":"2017-06-13T04:52:21.035Z"}
{"level":"info","message":"Card displayed","timestamp":"2017-06-13T04:52:29.031Z"}
{"level":"info","message":"Card Created Successfully","timestamp":"2017-06-13T04:52:29.126Z"}
{"level":"info","message":"Card displayed","timestamp":"2017-06-13T04:52:29.143Z"}
{"level":"info","message":"Card deleted Successfully","timestamp":"2017-06-13T04:52:32.213Z"}
{"level":"info","message":"Card displayed","timestamp":"2017-06-13T04:52:32.233Z"}
{"level":"info","message":"Card Created Successfully","timestamp":"2017-06-13T04:52:36.397Z"}
{"level":"info","message":"Card displayed","timestamp":"2017-06-13T04:52:36.413Z"}
{"level":"info","message":"Pinup Successfully done","timestamp":"2017-06-13T04:52:38.220Z"}
{"level":"info","message":"Card displayed","timestamp":"2017-06-13T04:52:38.241Z"}
{"level":"info","message":"Card Created Successfully","timestamp":"2017-06-13T04:52:44.652Z"}
{"level":"info","message":"Card displayed","timestamp":"2017-06-13T04:52:44.672Z"}
{"level":"info","message":"Card deleted Successfully","timestamp":"2017-06-13T04:52:52.287Z"}
{"level":"info","message":"Card displayed","timestamp":"2017-06-13T04:52:52.311Z"}
{"level":"info","message":"Pinup Successfully done","timestamp":"2017-06-13T04:52:56.152Z"}
{"level":"info","message":"Card displayed","timestamp":"2017-06-13T04:52:56.177Z"}
{"level":"info","message":"Pinup Successfully done","timestamp":"2017-06-13T04:52:57.807Z"}
{"level":"info","message":"Card displayed","timestamp":"2017-06-13T04:52:57.824Z"}
{"level":"info","message":"Archived Successfully","timestamp":"2017-06-13T04:53:01.527Z"}
{"level":"info","message":"Card displayed","timestamp":"2017-06-13T04:53:01.549Z"}
{"level":"info","message":"User profile is available","timestamp":"2017-06-13T04:53:08.367Z"}
{"level":"info","message":"User profile is available","timestamp":"2017-06-13T04:53:08.368Z"}
{"level":"info","message":"Card displayed","timestamp":"2017-06-13T04:53:08.393Z"}
{"level":"info","message":"Reminder created","timestamp":"2017-06-13T04:53:11.369Z"}
{"level":"info","message":"Card displayed","timestamp":"2017-06-13T04:53:11.398Z"}
{"level":"info","message":"User profile is available","timestamp":"2017-06-13T04:53:13.537Z"}
{"level":"info","message":"User profile is available","timestamp":"2017-06-13T04:53:13.542Z"}
{"level":"info","message":"Card displayed","timestamp":"2017-06-13T04:53:13.544Z"}
{"level":"info","message":"User profile is available","timestamp":"2017-06-13T04:53:16.020Z"}
{"level":"info","message":"User profile is available","timestamp":"2017-06-13T04:53:16.027Z"}
{"level":"info","message":"Card displayed","timestamp":"2017-06-13T04:53:16.032Z"}
{"level":"info","message":"User profile is available","timestamp":"2017-06-13T04:54:49.065Z"}
{"level":"info","message":"Card displayed","timestamp":"2017-06-13T04:54:49.085Z"}
{"level":"info","message":"User profile is available","timestamp":"2017-06-13T04:54:49.087Z"}
{"level":"info","message":"User profile is available","timestamp":"2017-06-13T04:54:53.587Z"}
{"level":"info","message":"User profile is available","timestamp":"2017-06-13T04:54:53.590Z"}
{"level":"info","message":"Card displayed","timestamp":"2017-06-13T04:54:53.598Z"}
{"level":"info","message":"Card Created Successfully","timestamp":"2017-06-13T04:54:58.265Z"}
{"level":"info","message":"Card displayed","timestamp":"2017-06-13T04:54:58.273Z"}
{"level":"info","message":"Card displayed","timestamp":"2017-06-13T04:54:58.281Z"}
{"level":"info","message":"User profile is available","timestamp":"2017-06-13T04:55:44.548Z"}
{"level":"info","message":"User profile is available","timestamp":"2017-06-13T04:55:44.559Z"}
{"level":"info","message":"Card displayed","timestamp":"2017-06-13T04:55:44.574Z"}
{"level":"info","message":"Login Successfull","timestamp":"2017-06-13T04:55:57.439Z"}
{"level":"info","message":"User profile is available","timestamp":"2017-06-13T04:55:57.490Z"}
{"level":"info","message":"User profile is available","timestamp":"2017-06-13T04:55:57.491Z"}
{"level":"info","message":"Card displayed","timestamp":"2017-06-13T04:55:57.496Z"}
{"level":"info","message":"User profile is available","timestamp":"2017-06-13T05:04:11.260Z"}
{"level":"info","message":"Card displayed","timestamp":"2017-06-13T05:04:11.280Z"}
{"level":"info","message":"User profile is available","timestamp":"2017-06-13T05:04:11.283Z"}
{"level":"info","message":"Pinup Successfully done","timestamp":"2017-06-13T05:04:13.856Z"}
{"level":"info","message":"Card displayed","timestamp":"2017-06-13T05:04:13.872Z"}
{"level":"info","message":"Pinup Successfully done","timestamp":"2017-06-13T05:04:15.060Z"}
{"level":"info","message":"Card displayed","timestamp":"2017-06-13T05:04:15.081Z"}
{"level":"info","message":"Archived Successfully","timestamp":"2017-06-13T05:04:16.638Z"}
{"level":"info","message":"Card displayed","timestamp":"2017-06-13T05:04:16.656Z"}
{"level":"info","message":"User profile is available","timestamp":"2017-06-13T05:04:19.780Z"}
{"level":"info","message":"User profile is available","timestamp":"2017-06-13T05:04:19.792Z"}
{"level":"info","message":"Card displayed","timestamp":"2017-06-13T05:04:19.799Z"}
{"level":"info","message":"Pinup Successfully done","timestamp":"2017-06-13T05:04:21.432Z"}
{"level":"info","message":"Card displayed","timestamp":"2017-06-13T05:04:21.459Z"}
{"level":"info","message":"User profile is available","timestamp":"2017-06-13T05:04:26.996Z"}
{"level":"info","message":"User profile is available","timestamp":"2017-06-13T05:04:27.001Z"}
{"level":"info","message":"Card displayed","timestamp":"2017-06-13T05:04:27.010Z"}
{"level":"info","message":"Pinup Successfully done","timestamp":"2017-06-13T05:04:28.585Z"}
{"level":"info","message":"Card displayed","timestamp":"2017-06-13T05:04:28.605Z"}
{"level":"info","message":"Pinup Successfully done","timestamp":"2017-06-13T05:04:30.883Z"}
{"level":"info","message":"Card displayed","timestamp":"2017-06-13T05:04:30.906Z"}
{"level":"info","message":"Pinup Successfully done","timestamp":"2017-06-13T05:04:34.239Z"}
{"level":"info","message":"Card displayed","timestamp":"2017-06-13T05:04:34.250Z"}
{"level":"info","message":"User profile is available","timestamp":"2017-06-13T05:04:38.043Z"}
{"level":"info","message":"User profile is available","timestamp":"2017-06-13T05:04:38.047Z"}
{"level":"info","message":"Card displayed","timestamp":"2017-06-13T05:04:38.053Z"}
{"level":"info","message":"Archived Successfully","timestamp":"2017-06-13T05:04:43.242Z"}
{"level":"info","message":"Card displayed","timestamp":"2017-06-13T05:04:43.262Z"}
{"level":"info","message":"User profile is available","timestamp":"2017-06-13T05:07:06.896Z"}
{"level":"info","message":"User profile is available","timestamp":"2017-06-13T05:07:06.909Z"}
{"level":"info","message":"Card displayed","timestamp":"2017-06-13T05:07:06.923Z"}
{"level":"info","message":"User profile is available","timestamp":"2017-06-13T05:08:12.996Z"}
{"level":"info","message":"User profile is available","timestamp":"2017-06-13T05:08:13.005Z"}
{"level":"info","message":"Card displayed","timestamp":"2017-06-13T05:08:13.006Z"}
{"level":"info","message":"User profile is available","timestamp":"2017-06-13T05:08:18.884Z"}
{"level":"info","message":"User profile is available","timestamp":"2017-06-13T05:08:18.888Z"}
{"level":"info","message":"Card displayed","timestamp":"2017-06-13T05:08:18.897Z"}
{"level":"info","message":"User profile is available","timestamp":"2017-06-13T05:08:22.795Z"}
{"level":"info","message":"User profile is available","timestamp":"2017-06-13T05:08:22.801Z"}
{"level":"info","message":"Card displayed","timestamp":"2017-06-13T05:08:22.804Z"}
{"level":"info","message":"User profile is available","timestamp":"2017-06-13T05:08:27.196Z"}
{"level":"info","message":"Card displayed","timestamp":"2017-06-13T05:08:27.202Z"}
{"level":"info","message":"User profile is available","timestamp":"2017-06-13T05:08:27.203Z"}
{"level":"info","message":"User profile is available","timestamp":"2017-06-13T05:09:18.815Z"}
{"level":"info","message":"Card displayed","timestamp":"2017-06-13T05:09:18.835Z"}
{"level":"info","message":"User profile is available","timestamp":"2017-06-13T05:09:18.839Z"}
{"level":"info","message":"Reminder created","timestamp":"2017-06-13T05:09:22.808Z"}
{"level":"info","message":"Card displayed","timestamp":"2017-06-13T05:09:22.824Z"}
{"level":"info","message":"Reminder deleted successfully","timestamp":"2017-06-13T05:09:23.985Z"}
{"level":"info","message":"Card displayed","timestamp":"2017-06-13T05:09:24.017Z"}
{"level":"info","message":"Reminder created","timestamp":"2017-06-13T05:09:27.297Z"}
{"level":"info","message":"Card displayed","timestamp":"2017-06-13T05:09:27.323Z"}
{"level":"info","message":"Card Updated Succesfully","timestamp":"2017-06-13T05:09:30.683Z"}
{"level":"info","message":"Card displayed","timestamp":"2017-06-13T05:09:30.707Z"}
{"level":"info","message":"Reminder deleted successfully","timestamp":"2017-06-13T05:09:32.067Z"}
{"level":"info","message":"Card displayed","timestamp":"2017-06-13T05:09:32.092Z"}
{"level":"info","message":"Card deleted Successfully","timestamp":"2017-06-13T05:09:35.130Z"}
{"level":"info","message":"Card displayed","timestamp":"2017-06-13T05:09:35.156Z"}
{"level":"info","message":"Card Updated Succesfully","timestamp":"2017-06-13T05:09:39.145Z"}
{"level":"info","message":"Card displayed","timestamp":"2017-06-13T05:09:39.169Z"}
{"level":"info","message":"Reminder deleted successfully","timestamp":"2017-06-13T05:09:47.291Z"}
{"level":"info","message":"Card displayed","timestamp":"2017-06-13T05:09:47.307Z"}
{"level":"info","message":"User profile is available","timestamp":"2017-06-13T05:09:52.693Z"}
{"level":"info","message":"User profile is available","timestamp":"2017-06-13T05:09:52.696Z"}
{"level":"info","message":"Card displayed","timestamp":"2017-06-13T05:09:52.706Z"}
{"level":"info","message":"Reminder deleted successfully","timestamp":"2017-06-13T05:09:57.026Z"}
{"level":"info","message":"Card displayed","timestamp":"2017-06-13T05:09:57.045Z"}
{"level":"info","message":"User profile is available","timestamp":"2017-06-13T05:09:59.277Z"}
{"level":"info","message":"User profile is available","timestamp":"2017-06-13T05:09:59.278Z"}
{"level":"info","message":"Card displayed","timestamp":"2017-06-13T05:09:59.285Z"}
{"level":"info","message":"User profile is available","timestamp":"2017-06-13T05:10:03.606Z"}
{"level":"info","message":"User profile is available","timestamp":"2017-06-13T05:10:03.608Z"}
{"level":"info","message":"Card displayed","timestamp":"2017-06-13T05:10:03.608Z"}
{"level":"info","message":"User profile is available","timestamp":"2017-06-13T05:10:09.202Z"}
{"level":"info","message":"User profile is available","timestamp":"2017-06-13T05:10:09.207Z"}
{"level":"info","message":"Card displayed","timestamp":"2017-06-13T05:10:09.217Z"}
{"level":"info","message":"User profile is available","timestamp":"2017-06-13T05:10:15.625Z"}
{"level":"info","message":"User profile is available","timestamp":"2017-06-13T05:10:15.628Z"}
{"level":"info","message":"Card displayed","timestamp":"2017-06-13T05:10:15.638Z"}
{"level":"info","message":"Reminder created","timestamp":"2017-06-13T05:10:19.212Z"}
{"level":"info","message":"Card displayed","timestamp":"2017-06-13T05:10:19.235Z"}
{"level":"info","message":"User profile is available","timestamp":"2017-06-13T05:10:21.945Z"}
{"level":"info","message":"User profile is available","timestamp":"2017-06-13T05:10:21.946Z"}
{"level":"info","message":"Card displayed","timestamp":"2017-06-13T05:10:21.946Z"}
{"level":"info","message":"Reminder deleted successfully","timestamp":"2017-06-13T05:10:24.429Z"}
{"level":"info","message":"Card displayed","timestamp":"2017-06-13T05:10:24.448Z"}
{"level":"info","message":"User profile is available","timestamp":"2017-06-13T05:10:27.167Z"}
{"level":"info","message":"User profile is available","timestamp":"2017-06-13T05:10:27.169Z"}
{"level":"info","message":"Card displayed","timestamp":"2017-06-13T05:10:27.171Z"}
{"level":"info","message":"Reminder created","timestamp":"2017-06-13T05:10:35.117Z"}
{"level":"info","message":"Card displayed","timestamp":"2017-06-13T05:10:35.139Z"}
{"level":"info","message":"Archived Successfully","timestamp":"2017-06-13T05:10:36.676Z"}
{"level":"info","message":"Card displayed","timestamp":"2017-06-13T05:10:36.688Z"}
{"level":"info","message":"User profile is available","timestamp":"2017-06-13T05:10:38.919Z"}
{"level":"info","message":"User profile is available","timestamp":"2017-06-13T05:10:38.921Z"}
{"level":"info","message":"Card displayed","timestamp":"2017-06-13T05:10:38.926Z"}
{"level":"info","message":"Archived Successfully","timestamp":"2017-06-13T05:10:42.314Z"}
{"level":"info","message":"Card displayed","timestamp":"2017-06-13T05:10:42.331Z"}
{"level":"info","message":"User profile is available","timestamp":"2017-06-13T05:10:45.068Z"}
{"level":"info","message":"User profile is available","timestamp":"2017-06-13T05:10:45.069Z"}
{"level":"info","message":"Card displayed","timestamp":"2017-06-13T05:10:45.074Z"}
{"level":"info","message":"Reminder created","timestamp":"2017-06-13T05:10:48.118Z"}
{"level":"info","message":"Card displayed","timestamp":"2017-06-13T05:10:48.136Z"}
{"level":"info","message":"User profile is available","timestamp":"2017-06-13T05:11:02.685Z"}
{"level":"info","message":"User profile is available","timestamp":"2017-06-13T05:11:02.689Z"}
{"level":"info","message":"Card displayed","timestamp":"2017-06-13T05:11:02.689Z"}
{"level":"info","message":"User profile is available","timestamp":"2017-06-13T05:11:07.047Z"}
{"level":"info","message":"User profile is available","timestamp":"2017-06-13T05:11:07.052Z"}
{"level":"info","message":"Card displayed","timestamp":"2017-06-13T05:11:07.062Z"}
{"level":"info","message":"User profile is available","timestamp":"2017-06-13T05:11:16.364Z"}
{"level":"info","message":"User profile is available","timestamp":"2017-06-13T05:11:16.368Z"}
{"level":"info","message":"Card displayed","timestamp":"2017-06-13T05:11:16.369Z"}
{"level":"info","message":"Reminder deleted successfully","timestamp":"2017-06-13T05:11:19.596Z"}
{"level":"info","message":"Card displayed","timestamp":"2017-06-13T05:11:19.619Z"}
{"level":"info","message":"User profile is available","timestamp":"2017-06-13T05:11:23.654Z"}
{"level":"info","message":"User profile is available","timestamp":"2017-06-13T05:11:23.655Z"}
{"level":"info","message":"Card displayed","timestamp":"2017-06-13T05:11:23.662Z"}
{"level":"info","message":"Reminder created","timestamp":"2017-06-13T05:11:28.031Z"}
{"level":"info","message":"Card displayed","timestamp":"2017-06-13T05:11:28.058Z"}
{"level":"info","message":"User profile is available","timestamp":"2017-06-13T05:11:30.812Z"}
{"level":"info","message":"User profile is available","timestamp":"2017-06-13T05:11:30.813Z"}
{"level":"info","message":"Card displayed","timestamp":"2017-06-13T05:11:30.821Z"}
{"level":"info","message":"User profile is available","timestamp":"2017-06-13T05:12:52.891Z"}
{"level":"info","message":"Card displayed","timestamp":"2017-06-13T05:12:52.911Z"}
{"level":"info","message":"User profile is available","timestamp":"2017-06-13T05:12:52.913Z"}
{"level":"info","message":"User profile is available","timestamp":"2017-06-13T05:12:56.034Z"}
{"level":"info","message":"User profile is available","timestamp":"2017-06-13T05:12:56.036Z"}
{"level":"info","message":"Card displayed","timestamp":"2017-06-13T05:12:56.041Z"}
{"level":"info","message":"Card displayed","timestamp":"2017-06-13T05:13:00.774Z"}
{"level":"info","message":"Card displayed","timestamp":"2017-06-13T05:13:08.006Z"}
{"level":"info","message":"User profile is available","timestamp":"2017-06-13T05:13:10.931Z"}
{"level":"info","message":"User profile is available","timestamp":"2017-06-13T05:13:10.932Z"}
{"level":"info","message":"Card displayed","timestamp":"2017-06-13T05:13:10.939Z"}
{"level":"info","message":"User profile is available","timestamp":"2017-06-13T05:13:41.068Z"}
{"level":"info","message":"User profile is available","timestamp":"2017-06-13T05:13:41.089Z"}
{"level":"info","message":"Card displayed","timestamp":"2017-06-13T05:13:41.090Z"}
{"level":"info","message":"Card Created Successfully","timestamp":"2017-06-13T05:13:48.012Z"}
{"level":"info","message":"Card displayed","timestamp":"2017-06-13T05:13:48.017Z"}
{"level":"info","message":"Card displayed","timestamp":"2017-06-13T05:13:48.025Z"}
{"level":"info","message":"Card Created Successfully","timestamp":"2017-06-13T05:13:57.349Z"}
{"level":"info","message":"Card displayed","timestamp":"2017-06-13T05:13:57.355Z"}
{"level":"info","message":"Card displayed","timestamp":"2017-06-13T05:13:57.372Z"}
{"level":"info","message":"User profile is available","timestamp":"2017-06-13T05:14:55.267Z"}
{"level":"info","message":"User profile is available","timestamp":"2017-06-13T05:14:55.275Z"}
{"level":"info","message":"Card displayed","timestamp":"2017-06-13T05:14:55.288Z"}
{"level":"error","message":"Signup not successfull","timestamp":"2017-06-13T05:15:28.440Z"}
{"level":"error","message":"Signup not successfull","timestamp":"2017-06-13T05:15:30.651Z"}
{"level":"error","message":"Signup not successfull","timestamp":"2017-06-13T05:15:36.342Z"}
{"level":"info","message":"Login Successfull","timestamp":"2017-06-13T05:17:56.873Z"}
{"level":"info","message":"User profile is available","timestamp":"2017-06-13T05:17:56.980Z"}
{"level":"info","message":"User profile is available","timestamp":"2017-06-13T05:17:56.982Z"}
{"level":"info","message":"Card displayed","timestamp":"2017-06-13T05:17:56.986Z"}
{"level":"info","message":"Login Successfull","timestamp":"2017-06-13T05:18:33.068Z"}
{"level":"info","message":"User profile is available","timestamp":"2017-06-13T05:18:33.121Z"}
{"level":"info","message":"User profile is available","timestamp":"2017-06-13T05:18:33.123Z"}
{"level":"info","message":"Card displayed","timestamp":"2017-06-13T05:18:33.135Z"}
{"level":"info","message":"User profile is available","timestamp":"2017-06-13T05:24:41.332Z"}
{"level":"info","message":"User profile is available","timestamp":"2017-06-13T05:24:41.352Z"}
{"level":"info","message":"Card displayed","timestamp":"2017-06-13T05:24:41.353Z"}
{"level":"info","message":"Signup successfull","timestamp":"2017-06-13T05:25:24.267Z"}
{"level":"info","message":"Login Successfull","timestamp":"2017-06-13T05:25:35.650Z"}
{"level":"info","message":"User profile is available","timestamp":"2017-06-13T05:25:35.709Z"}
{"level":"info","message":"User profile is available","timestamp":"2017-06-13T05:25:35.711Z"}
{"level":"info","message":"Card displayed","timestamp":"2017-06-13T05:25:35.718Z"}
{"level":"info","message":"Login Successfull","timestamp":"2017-06-13T05:26:05.287Z"}
{"level":"info","message":"User profile is available","timestamp":"2017-06-13T05:26:05.419Z"}
{"level":"info","message":"User profile is available","timestamp":"2017-06-13T05:26:05.420Z"}
{"level":"info","message":"Card displayed","timestamp":"2017-06-13T05:26:05.421Z"}
{"level":"info","message":"Login Successfull","timestamp":"2017-06-13T05:26:22.000Z"}
{"level":"info","message":"User profile is available","timestamp":"2017-06-13T05:26:22.046Z"}
{"level":"info","message":"User profile is available","timestamp":"2017-06-13T05:26:22.053Z"}
{"level":"info","message":"Card displayed","timestamp":"2017-06-13T05:26:22.064Z"}
{"level":"info","message":"Signup successfull","timestamp":"2017-06-13T05:28:45.158Z"}
{"level":"info","message":"Signup successfull","timestamp":"2017-06-13T05:32:17.715Z"}
{"level":"info","message":"Login Successfull","timestamp":"2017-06-13T05:32:24.400Z"}
{"level":"info","message":"User profile is available","timestamp":"2017-06-13T05:32:24.476Z"}
{"level":"info","message":"User profile is available","timestamp":"2017-06-13T05:32:24.482Z"}
{"level":"info","message":"Card displayed","timestamp":"2017-06-13T05:32:24.485Z"}
{"level":"info","message":"User profile is available","timestamp":"2017-06-13T05:32:26.321Z"}
{"level":"info","message":"User profile is available","timestamp":"2017-06-13T05:32:26.322Z"}
{"level":"info","message":"Card displayed","timestamp":"2017-06-13T05:32:26.324Z"}
{"level":"info","message":"Signup successfull","timestamp":"2017-06-13T05:33:45.212Z"}
{"level":"info","message":"Signup successfull","timestamp":"2017-06-13T05:37:22.892Z"}
{"level":"error","message":"Signup not successfull","timestamp":"2017-06-13T05:37:47.045Z"}
{"level":"info","message":"Login Successfull","timestamp":"2017-06-13T05:38:53.858Z"}
{"level":"info","message":"User profile is available","timestamp":"2017-06-13T05:38:53.976Z"}
{"level":"info","message":"User profile is available","timestamp":"2017-06-13T05:38:53.982Z"}
{"level":"info","message":"Card displayed","timestamp":"2017-06-13T05:38:53.983Z"}
{"level":"info","message":"Login Successfull","timestamp":"2017-06-13T05:40:33.387Z"}
{"level":"info","message":"User profile is available","timestamp":"2017-06-13T05:40:33.440Z"}
{"level":"info","message":"User profile is available","timestamp":"2017-06-13T05:40:33.445Z"}
{"level":"info","message":"Card displayed","timestamp":"2017-06-13T05:40:33.457Z"}
{"level":"info","message":"User profile is available","timestamp":"2017-06-13T05:41:47.333Z"}
{"level":"info","message":"User profile is available","timestamp":"2017-06-13T05:41:47.338Z"}
{"level":"info","message":"Card displayed","timestamp":"2017-06-13T05:41:47.348Z"}
{"level":"info","message":"User profile is available","timestamp":"2017-06-13T05:41:51.143Z"}
{"level":"info","message":"User profile is available","timestamp":"2017-06-13T05:41:51.155Z"}
{"level":"info","message":"Card displayed","timestamp":"2017-06-13T05:41:51.166Z"}
{"level":"info","message":"User profile is available","timestamp":"2017-06-13T05:41:53.983Z"}
{"level":"info","message":"User profile is available","timestamp":"2017-06-13T05:41:53.983Z"}
{"level":"info","message":"Card displayed","timestamp":"2017-06-13T05:41:53.995Z"}
{"level":"info","message":"Card Updated Succesfully","timestamp":"2017-06-13T05:42:43.457Z"}
{"level":"info","message":"Card displayed","timestamp":"2017-06-13T05:42:43.475Z"}
{"level":"info","message":"Signup successfull","timestamp":"2017-06-13T05:43:23.030Z"}
{"level":"info","message":"Login Successfull","timestamp":"2017-06-13T05:43:31.640Z"}
{"level":"info","message":"User profile is available","timestamp":"2017-06-13T05:43:31.689Z"}
{"level":"info","message":"User profile is available","timestamp":"2017-06-13T05:43:31.690Z"}
{"level":"info","message":"Card displayed","timestamp":"2017-06-13T05:43:31.691Z"}
{"level":"info","message":"Card Created Successfully","timestamp":"2017-06-13T05:43:53.824Z"}
{"level":"info","message":"Card displayed","timestamp":"2017-06-13T05:43:53.828Z"}
{"level":"info","message":"Card displayed","timestamp":"2017-06-13T05:43:53.840Z"}
{"level":"info","message":"Color changed","timestamp":"2017-06-13T05:43:58.706Z"}
{"level":"info","message":"Card displayed","timestamp":"2017-06-13T05:43:58.718Z"}
{"level":"info","message":"Card Created Successfully","timestamp":"2017-06-13T05:44:13.588Z"}
{"level":"info","message":"Card displayed","timestamp":"2017-06-13T05:44:13.595Z"}
{"level":"info","message":"Card displayed","timestamp":"2017-06-13T05:44:13.606Z"}
{"level":"info","message":"Card Created Successfully","timestamp":"2017-06-13T05:44:31.316Z"}
{"level":"info","message":"Card displayed","timestamp":"2017-06-13T05:44:31.320Z"}
{"level":"info","message":"Card displayed","timestamp":"2017-06-13T05:44:31.330Z"}
{"level":"info","message":"Card Created Successfully","timestamp":"2017-06-13T05:44:47.976Z"}
{"level":"info","message":"Card displayed","timestamp":"2017-06-13T05:44:47.988Z"}
{"level":"info","message":"Card displayed","timestamp":"2017-06-13T05:44:48.000Z"}
{"level":"info","message":"Color changed","timestamp":"2017-06-13T05:44:54.735Z"}
{"level":"info","message":"Card displayed","timestamp":"2017-06-13T05:44:54.744Z"}
{"level":"info","message":"Reminder created","timestamp":"2017-06-13T05:44:56.899Z"}
{"level":"info","message":"Card displayed","timestamp":"2017-06-13T05:44:56.914Z"}
{"level":"info","message":"Color changed","timestamp":"2017-06-13T05:44:59.672Z"}
{"level":"info","message":"Card displayed","timestamp":"2017-06-13T05:44:59.686Z"}
{"level":"info","message":"Color changed","timestamp":"2017-06-13T05:45:03.151Z"}
{"level":"info","message":"Card displayed","timestamp":"2017-06-13T05:45:03.162Z"}
{"level":"info","message":"Pinup Successfully done","timestamp":"2017-06-13T05:45:06.629Z"}
{"level":"info","message":"Card displayed","timestamp":"2017-06-13T05:45:06.641Z"}
{"level":"info","message":"Reminder created","timestamp":"2017-06-13T05:45:13.288Z"}
{"level":"info","message":"Card displayed","timestamp":"2017-06-13T05:45:13.312Z"}
{"level":"info","message":"Signup successfull","timestamp":"2017-06-13T05:46:34.404Z"}
{"level":"info","message":"Login Successfull","timestamp":"2017-06-13T05:47:01.371Z"}
{"level":"info","message":"User profile is available","timestamp":"2017-06-13T05:47:01.416Z"}
{"level":"info","message":"User profile is available","timestamp":"2017-06-13T05:47:01.424Z"}
{"level":"info","message":"Card displayed","timestamp":"2017-06-13T05:47:01.424Z"}
{"level":"info","message":"User profile is available","timestamp":"2017-06-13T05:49:08.420Z"}
{"level":"info","message":"User profile is available","timestamp":"2017-06-13T05:49:08.430Z"}
{"level":"info","message":"Card displayed","timestamp":"2017-06-13T05:49:08.437Z"}
{"level":"info","message":"Card Updated Succesfully","timestamp":"2017-06-13T05:50:06.069Z"}
{"level":"info","message":"Card displayed","timestamp":"2017-06-13T05:50:06.095Z"}
{"level":"info","message":"User profile is available","timestamp":"2017-06-13T05:50:28.561Z"}
{"level":"info","message":"Card displayed","timestamp":"2017-06-13T05:50:28.577Z"}
{"level":"info","message":"User profile is available","timestamp":"2017-06-13T05:50:28.578Z"}
{"level":"info","message":"User profile is available","timestamp":"2017-06-13T05:50:58.722Z"}
{"level":"info","message":"User profile is available","timestamp":"2017-06-13T05:50:58.734Z"}
{"level":"info","message":"Card displayed","timestamp":"2017-06-13T05:50:58.740Z"}
{"level":"info","message":"Card Updated Succesfully","timestamp":"2017-06-13T05:51:04.148Z"}
{"level":"info","message":"Card displayed","timestamp":"2017-06-13T05:51:04.160Z"}
{"level":"info","message":"Card displayed","timestamp":"2017-06-13T05:52:15.558Z"}
{"level":"info","message":"User profile is available","timestamp":"2017-06-13T05:52:52.516Z"}
{"level":"info","message":"Card displayed","timestamp":"2017-06-13T05:52:52.528Z"}
{"level":"info","message":"User profile is available","timestamp":"2017-06-13T05:52:52.530Z"}
{"level":"info","message":"User profile is available","timestamp":"2017-06-13T05:53:18.870Z"}
{"level":"info","message":"User profile is available","timestamp":"2017-06-13T05:53:18.872Z"}
{"level":"info","message":"Card displayed","timestamp":"2017-06-13T05:53:18.882Z"}
{"level":"info","message":"User profile is available","timestamp":"2017-06-13T05:55:10.125Z"}
{"level":"info","message":"User profile is available","timestamp":"2017-06-13T05:55:10.135Z"}
{"level":"info","message":"Card displayed","timestamp":"2017-06-13T05:55:10.140Z"}
{"level":"info","message":"User profile is available","timestamp":"2017-06-13T05:59:02.430Z"}
{"level":"info","message":"User profile is available","timestamp":"2017-06-13T05:59:02.431Z"}
{"level":"info","message":"Card displayed","timestamp":"2017-06-13T05:59:02.438Z"}
{"level":"info","message":"User profile is available","timestamp":"2017-06-13T06:01:19.588Z"}
{"level":"info","message":"User profile is available","timestamp":"2017-06-13T06:01:19.600Z"}
{"level":"info","message":"Card displayed","timestamp":"2017-06-13T06:01:19.608Z"}
{"level":"info","message":"User profile is available","timestamp":"2017-06-13T06:02:36.281Z"}
{"level":"info","message":"User profile is available","timestamp":"2017-06-13T06:02:36.298Z"}
{"level":"info","message":"Card displayed","timestamp":"2017-06-13T06:02:36.302Z"}
{"level":"info","message":"User profile is available","timestamp":"2017-06-13T06:05:11.932Z"}
{"level":"info","message":"User profile is available","timestamp":"2017-06-13T06:05:11.942Z"}
{"level":"info","message":"Card displayed","timestamp":"2017-06-13T06:05:11.946Z"}
{"level":"info","message":"User profile is available","timestamp":"2017-06-13T06:06:06.371Z"}
{"level":"info","message":"User profile is available","timestamp":"2017-06-13T06:06:06.384Z"}
{"level":"info","message":"Card displayed","timestamp":"2017-06-13T06:06:06.390Z"}
{"level":"info","message":"User profile is available","timestamp":"2017-06-13T06:07:44.286Z"}
{"level":"info","message":"User profile is available","timestamp":"2017-06-13T06:07:44.297Z"}
{"level":"info","message":"Card displayed","timestamp":"2017-06-13T06:07:44.305Z"}
{"level":"info","message":"User profile is available","timestamp":"2017-06-13T06:09:29.675Z"}
{"level":"info","message":"User profile is available","timestamp":"2017-06-13T06:09:29.685Z"}
{"level":"info","message":"Card displayed","timestamp":"2017-06-13T06:09:29.690Z"}
{"level":"info","message":"User profile is available","timestamp":"2017-06-13T06:11:10.886Z"}
{"level":"info","message":"Card displayed","timestamp":"2017-06-13T06:11:10.901Z"}
{"level":"info","message":"User profile is available","timestamp":"2017-06-13T06:11:10.902Z"}
{"level":"info","message":"User profile is available","timestamp":"2017-06-13T06:12:35.028Z"}
{"level":"info","message":"User profile is available","timestamp":"2017-06-13T06:12:35.038Z"}
{"level":"info","message":"Card displayed","timestamp":"2017-06-13T06:12:35.039Z"}
{"level":"info","message":"User profile is available","timestamp":"2017-06-13T06:18:06.859Z"}
{"level":"info","message":"User profile is available","timestamp":"2017-06-13T06:18:06.869Z"}
{"level":"info","message":"Card displayed","timestamp":"2017-06-13T06:18:06.878Z"}
{"level":"info","message":"User profile is available","timestamp":"2017-06-13T06:26:34.790Z"}
{"level":"info","message":"User profile is available","timestamp":"2017-06-13T06:26:34.813Z"}
{"level":"info","message":"Card displayed","timestamp":"2017-06-13T06:26:34.818Z"}
{"level":"info","message":"User profile is available","timestamp":"2017-06-13T06:29:52.847Z"}
{"level":"info","message":"User profile is available","timestamp":"2017-06-13T06:29:52.864Z"}
{"level":"info","message":"Card displayed","timestamp":"2017-06-13T06:29:52.865Z"}
{"level":"info","message":"User profile is available","timestamp":"2017-06-13T06:32:14.733Z"}
{"level":"info","message":"User profile is available","timestamp":"2017-06-13T06:32:14.745Z"}
{"level":"info","message":"Card displayed","timestamp":"2017-06-13T06:32:14.751Z"}
{"level":"info","message":"User profile is available","timestamp":"2017-06-13T06:33:11.087Z"}
{"level":"info","message":"User profile is available","timestamp":"2017-06-13T06:33:11.088Z"}
{"level":"info","message":"Card displayed","timestamp":"2017-06-13T06:33:11.091Z"}
{"level":"info","message":"User profile is available","timestamp":"2017-06-13T06:35:18.038Z"}
{"level":"info","message":"Card displayed","timestamp":"2017-06-13T06:35:18.053Z"}
{"level":"info","message":"User profile is available","timestamp":"2017-06-13T06:35:18.054Z"}
{"level":"info","message":"User profile is available","timestamp":"2017-06-13T06:37:17.296Z"}
{"level":"info","message":"User profile is available","timestamp":"2017-06-13T06:37:17.311Z"}
{"level":"info","message":"Card displayed","timestamp":"2017-06-13T06:37:17.319Z"}
{"level":"info","message":"User profile is available","timestamp":"2017-06-13T06:37:40.013Z"}
{"level":"info","message":"User profile is available","timestamp":"2017-06-13T06:37:40.015Z"}
{"level":"info","message":"Card displayed","timestamp":"2017-06-13T06:37:40.021Z"}
{"level":"info","message":"User profile is available","timestamp":"2017-06-13T06:39:37.186Z"}
{"level":"info","message":"User profile is available","timestamp":"2017-06-13T06:39:37.186Z"}
{"level":"info","message":"Card displayed","timestamp":"2017-06-13T06:39:37.192Z"}
{"level":"info","message":"User profile is available","timestamp":"2017-06-13T06:39:47.025Z"}
{"level":"info","message":"User profile is available","timestamp":"2017-06-13T06:39:47.028Z"}
{"level":"info","message":"Card displayed","timestamp":"2017-06-13T06:39:47.029Z"}
{"level":"info","message":"User profile image suceesfully uploaded","timestamp":"2017-06-13T06:40:21.563Z"}
{"level":"info","message":"User profile is available","timestamp":"2017-06-13T06:40:55.308Z"}
{"level":"info","message":"Card displayed","timestamp":"2017-06-13T06:40:55.321Z"}
{"level":"info","message":"User profile is available","timestamp":"2017-06-13T06:40:55.322Z"}
{"level":"info","message":"User profile image suceesfully uploaded","timestamp":"2017-06-13T06:41:05.060Z"}
{"level":"info","message":"User profile is available","timestamp":"2017-06-13T06:41:11.007Z"}
{"level":"info","message":"User profile is available","timestamp":"2017-06-13T06:41:11.008Z"}
{"level":"info","message":"Card displayed","timestamp":"2017-06-13T06:41:11.023Z"}
{"level":"info","message":"User profile image suceesfully uploaded","timestamp":"2017-06-13T06:41:23.934Z"}
{"level":"info","message":"User profile image suceesfully uploaded","timestamp":"2017-06-13T06:41:27.280Z"}
{"level":"info","message":"User profile is available","timestamp":"2017-06-13T06:41:30.397Z"}
{"level":"info","message":"User profile is available","timestamp":"2017-06-13T06:41:30.408Z"}
{"level":"info","message":"Card displayed","timestamp":"2017-06-13T06:41:30.417Z"}
{"level":"info","message":"User profile image suceesfully uploaded","timestamp":"2017-06-13T06:41:49.483Z"}
{"level":"info","message":"User profile is available","timestamp":"2017-06-13T06:41:52.251Z"}
{"level":"info","message":"User profile is available","timestamp":"2017-06-13T06:41:52.252Z"}
{"level":"info","message":"Card displayed","timestamp":"2017-06-13T06:41:52.257Z"}
{"level":"info","message":"User profile is available","timestamp":"2017-06-13T07:46:22.327Z"}
{"level":"info","message":"User profile is available","timestamp":"2017-06-13T07:46:22.339Z"}
{"level":"info","message":"Card displayed","timestamp":"2017-06-13T07:46:22.340Z"}
{"level":"info","message":"Card Updated Succesfully","timestamp":"2017-06-13T07:46:28.747Z"}
{"level":"info","message":"Card displayed","timestamp":"2017-06-13T07:46:28.761Z"}
{"level":"info","message":"Pinup Successfully done","timestamp":"2017-06-13T07:49:21.615Z"}
{"level":"info","message":"Card displayed","timestamp":"2017-06-13T07:49:21.632Z"}
{"level":"info","message":"Card Updated Succesfully","timestamp":"2017-06-13T07:49:24.749Z"}
{"level":"info","message":"Card displayed","timestamp":"2017-06-13T07:49:24.770Z"}
{"level":"info","message":"Card Updated Succesfully","timestamp":"2017-06-13T07:49:31.725Z"}
{"level":"info","message":"Card displayed","timestamp":"2017-06-13T07:49:31.745Z"}
{"level":"info","message":"Card Updated Succesfully","timestamp":"2017-06-13T07:49:36.789Z"}
{"level":"info","message":"Card displayed","timestamp":"2017-06-13T07:49:36.808Z"}
{"level":"info","message":"Card Created Successfully","timestamp":"2017-06-13T07:49:56.949Z"}
{"level":"info","message":"Card displayed","timestamp":"2017-06-13T07:49:56.956Z"}
{"level":"info","message":"Card displayed","timestamp":"2017-06-13T07:49:56.964Z"}
{"level":"info","message":"Reminder created","timestamp":"2017-06-13T07:50:02.598Z"}
{"level":"info","message":"Card displayed","timestamp":"2017-06-13T07:50:02.616Z"}
{"level":"info","message":"Card Updated Succesfully","timestamp":"2017-06-13T07:50:07.830Z"}
{"level":"info","message":"Card displayed","timestamp":"2017-06-13T07:50:07.853Z"}
{"level":"info","message":"Color changed","timestamp":"2017-06-13T07:50:13.476Z"}
{"level":"info","message":"Card displayed","timestamp":"2017-06-13T07:50:13.501Z"}
{"level":"info","message":"User profile is available","timestamp":"2017-06-13T07:50:27.941Z"}
{"level":"info","message":"User profile is available","timestamp":"2017-06-13T07:50:27.947Z"}
{"level":"info","message":"Card displayed","timestamp":"2017-06-13T07:50:27.949Z"}
{"level":"info","message":"User profile is available","timestamp":"2017-06-13T07:56:38.979Z"}
{"level":"info","message":"User profile is available","timestamp":"2017-06-13T07:56:38.983Z"}
{"level":"info","message":"Card displayed","timestamp":"2017-06-13T07:56:38.988Z"}
{"level":"info","message":"Login Successfull","timestamp":"2017-06-13T09:44:08.756Z"}
{"level":"info","message":"User profile is available","timestamp":"2017-06-13T09:44:08.814Z"}
{"level":"info","message":"User profile is available","timestamp":"2017-06-13T09:44:08.822Z"}
{"level":"info","message":"Card displayed","timestamp":"2017-06-13T09:44:08.840Z"}
{"level":"info","message":"User profile image suceesfully uploaded","timestamp":"2017-06-13T09:44:38.911Z"}
{"level":"info","message":"User profile is available","timestamp":"2017-06-13T09:44:42.600Z"}
{"level":"info","message":"User profile is available","timestamp":"2017-06-13T09:44:42.602Z"}
{"level":"info","message":"Card displayed","timestamp":"2017-06-13T09:44:42.604Z"}
{"level":"error","message":"Login UnSuccessfull","timestamp":"2017-06-13T10:34:21.430Z"}
{"level":"error","message":"Login UnSuccessfull","timestamp":"2017-06-13T10:34:22.894Z"}
{"level":"info","message":"Login Successfull","timestamp":"2017-06-13T10:34:28.592Z"}
{"level":"info","message":"User profile is available","timestamp":"2017-06-13T10:34:28.668Z"}
{"level":"info","message":"User profile is available","timestamp":"2017-06-13T10:34:28.681Z"}
{"level":"info","message":"Card displayed","timestamp":"2017-06-13T10:34:28.692Z"}
{"level":"info","message":"User profile is available","timestamp":"2017-06-13T10:34:54.135Z"}
{"level":"info","message":"User profile is available","timestamp":"2017-06-13T10:34:54.145Z"}
{"level":"info","message":"Card displayed","timestamp":"2017-06-13T10:34:54.150Z"}
{"level":"info","message":"User profile is available","timestamp":"2017-06-13T11:38:05.986Z"}
{"level":"info","message":"Card displayed","timestamp":"2017-06-13T11:38:06.000Z"}
{"level":"info","message":"User profile is available","timestamp":"2017-06-13T11:38:06.001Z"}
{"level":"info","message":"Color changed","timestamp":"2017-06-13T11:52:45.416Z"}
{"level":"info","message":"Card displayed","timestamp":"2017-06-13T11:52:45.442Z"}
{"level":"info","message":"Color changed","timestamp":"2017-06-13T11:52:47.347Z"}
{"level":"info","message":"Card displayed","timestamp":"2017-06-13T11:52:47.365Z"}
